2024-09-01 08:56:04,689 [Worker-1: Loading available Gradle versions] INFO  o.e.b.c.i.u.g.PublishedGradleVersions - Gradle version information cache is up-to-date. Trying to read.
2024-09-01 08:58:44,141 [Worker-6: Launching mavenrun-40931de4-f899-47ea-b2ba-e4bb71c53645] INFO  o.eclipse.m2e.core.internal.Bundles - getClasspathEntries(Bundle=org.eclipse.m2e.maven.runtime_3.9.700.20240602-2313 [644])
2024-09-01 08:58:44,146 [Worker-6: Launching mavenrun-40931de4-f899-47ea-b2ba-e4bb71c53645] INFO  o.eclipse.m2e.core.internal.Bundles - 	Entry: C:\Users\LENOVO\.p2\pool\plugins\org.eclipse.m2e.maven.runtime_3.9.700.20240602-2313
2024-09-01 08:58:44,147 [Worker-6: Launching mavenrun-40931de4-f899-47ea-b2ba-e4bb71c53645] INFO  o.eclipse.m2e.core.internal.Bundles - 	Entry: C:\Users\LENOVO\.p2\pool\plugins\org.eclipse.m2e.maven.runtime_3.9.700.20240602-2313\jars\aopalliance-1.0.jar
2024-09-01 08:58:44,148 [Worker-6: Launching mavenrun-40931de4-f899-47ea-b2ba-e4bb71c53645] INFO  o.eclipse.m2e.core.internal.Bundles - 	Entry: C:\Users\LENOVO\.p2\pool\plugins\org.eclipse.m2e.maven.runtime_3.9.700.20240602-2313\jars\guice-5.1.0.jar
2024-09-01 08:58:44,148 [Worker-6: Launching mavenrun-40931de4-f899-47ea-b2ba-e4bb71c53645] INFO  o.eclipse.m2e.core.internal.Bundles - 	Entry: C:\Users\LENOVO\.p2\pool\plugins\org.eclipse.m2e.maven.runtime_3.9.700.20240602-2313\jars\httpclient-4.5.14.jar
2024-09-01 08:58:44,148 [Worker-6: Launching mavenrun-40931de4-f899-47ea-b2ba-e4bb71c53645] INFO  o.eclipse.m2e.core.internal.Bundles - 	Entry: C:\Users\LENOVO\.p2\pool\plugins\org.eclipse.m2e.maven.runtime_3.9.700.20240602-2313\jars\httpcore-4.4.16.jar
2024-09-01 08:58:44,149 [Worker-6: Launching mavenrun-40931de4-f899-47ea-b2ba-e4bb71c53645] INFO  o.eclipse.m2e.core.internal.Bundles - 	Entry: C:\Users\LENOVO\.p2\pool\plugins\org.eclipse.m2e.maven.runtime_3.9.700.20240602-2313\jars\jansi-2.4.1.jar
2024-09-01 08:58:44,149 [Worker-6: Launching mavenrun-40931de4-f899-47ea-b2ba-e4bb71c53645] INFO  o.eclipse.m2e.core.internal.Bundles - 	Entry: C:\Users\LENOVO\.p2\pool\plugins\org.eclipse.m2e.maven.runtime_3.9.700.20240602-2313\jars\jcl-over-slf4j-1.7.36.jar
2024-09-01 08:58:44,149 [Worker-6: Launching mavenrun-40931de4-f899-47ea-b2ba-e4bb71c53645] INFO  o.eclipse.m2e.core.internal.Bundles - 	Entry: C:\Users\LENOVO\.p2\pool\plugins\org.eclipse.m2e.maven.runtime_3.9.700.20240602-2313\jars\maven-artifact-3.9.7.jar
2024-09-01 08:58:44,149 [Worker-6: Launching mavenrun-40931de4-f899-47ea-b2ba-e4bb71c53645] INFO  o.eclipse.m2e.core.internal.Bundles - 	Entry: C:\Users\LENOVO\.p2\pool\plugins\org.eclipse.m2e.maven.runtime_3.9.700.20240602-2313\jars\maven-builder-support-3.9.7.jar
2024-09-01 08:58:44,149 [Worker-6: Launching mavenrun-40931de4-f899-47ea-b2ba-e4bb71c53645] INFO  o.eclipse.m2e.core.internal.Bundles - 	Entry: C:\Users\LENOVO\.p2\pool\plugins\org.eclipse.m2e.maven.runtime_3.9.700.20240602-2313\jars\maven-compat-3.9.7.jar
2024-09-01 08:58:44,150 [Worker-6: Launching mavenrun-40931de4-f899-47ea-b2ba-e4bb71c53645] INFO  o.eclipse.m2e.core.internal.Bundles - 	Entry: C:\Users\LENOVO\.p2\pool\plugins\org.eclipse.m2e.maven.runtime_3.9.700.20240602-2313\jars\maven-core-3.9.7.jar
2024-09-01 08:58:44,150 [Worker-6: Launching mavenrun-40931de4-f899-47ea-b2ba-e4bb71c53645] INFO  o.eclipse.m2e.core.internal.Bundles - 	Entry: C:\Users\LENOVO\.p2\pool\plugins\org.eclipse.m2e.maven.runtime_3.9.700.20240602-2313\jars\maven-embedder-3.9.7.jar
2024-09-01 08:58:44,150 [Worker-6: Launching mavenrun-40931de4-f899-47ea-b2ba-e4bb71c53645] INFO  o.eclipse.m2e.core.internal.Bundles - 	Entry: C:\Users\LENOVO\.p2\pool\plugins\org.eclipse.m2e.maven.runtime_3.9.700.20240602-2313\jars\maven-model-3.9.7.jar
2024-09-01 08:58:44,150 [Worker-6: Launching mavenrun-40931de4-f899-47ea-b2ba-e4bb71c53645] INFO  o.eclipse.m2e.core.internal.Bundles - 	Entry: C:\Users\LENOVO\.p2\pool\plugins\org.eclipse.m2e.maven.runtime_3.9.700.20240602-2313\jars\maven-model-builder-3.9.7.jar
2024-09-01 08:58:44,151 [Worker-6: Launching mavenrun-40931de4-f899-47ea-b2ba-e4bb71c53645] INFO  o.eclipse.m2e.core.internal.Bundles - 	Entry: C:\Users\LENOVO\.p2\pool\plugins\org.eclipse.m2e.maven.runtime_3.9.700.20240602-2313\jars\maven-plugin-api-3.9.7.jar
2024-09-01 08:58:44,151 [Worker-6: Launching mavenrun-40931de4-f899-47ea-b2ba-e4bb71c53645] INFO  o.eclipse.m2e.core.internal.Bundles - 	Entry: C:\Users\LENOVO\.p2\pool\plugins\org.eclipse.m2e.maven.runtime_3.9.700.20240602-2313\jars\maven-repository-metadata-3.9.7.jar
2024-09-01 08:58:44,151 [Worker-6: Launching mavenrun-40931de4-f899-47ea-b2ba-e4bb71c53645] INFO  o.eclipse.m2e.core.internal.Bundles - 	Entry: C:\Users\LENOVO\.p2\pool\plugins\org.eclipse.m2e.maven.runtime_3.9.700.20240602-2313\jars\maven-resolver-api-1.9.20.jar
2024-09-01 08:58:44,151 [Worker-6: Launching mavenrun-40931de4-f899-47ea-b2ba-e4bb71c53645] INFO  o.eclipse.m2e.core.internal.Bundles - 	Entry: C:\Users\LENOVO\.p2\pool\plugins\org.eclipse.m2e.maven.runtime_3.9.700.20240602-2313\jars\maven-resolver-connector-basic-1.9.20.jar
2024-09-01 08:58:44,152 [Worker-6: Launching mavenrun-40931de4-f899-47ea-b2ba-e4bb71c53645] INFO  o.eclipse.m2e.core.internal.Bundles - 	Entry: C:\Users\LENOVO\.p2\pool\plugins\org.eclipse.m2e.maven.runtime_3.9.700.20240602-2313\jars\maven-resolver-impl-1.9.20.jar
2024-09-01 08:58:44,152 [Worker-6: Launching mavenrun-40931de4-f899-47ea-b2ba-e4bb71c53645] INFO  o.eclipse.m2e.core.internal.Bundles - 	Entry: C:\Users\LENOVO\.p2\pool\plugins\org.eclipse.m2e.maven.runtime_3.9.700.20240602-2313\jars\maven-resolver-named-locks-1.9.20.jar
2024-09-01 08:58:44,152 [Worker-6: Launching mavenrun-40931de4-f899-47ea-b2ba-e4bb71c53645] INFO  o.eclipse.m2e.core.internal.Bundles - 	Entry: C:\Users\LENOVO\.p2\pool\plugins\org.eclipse.m2e.maven.runtime_3.9.700.20240602-2313\jars\maven-resolver-provider-3.9.7.jar
2024-09-01 08:58:44,152 [Worker-6: Launching mavenrun-40931de4-f899-47ea-b2ba-e4bb71c53645] INFO  o.eclipse.m2e.core.internal.Bundles - 	Entry: C:\Users\LENOVO\.p2\pool\plugins\org.eclipse.m2e.maven.runtime_3.9.700.20240602-2313\jars\maven-resolver-spi-1.9.20.jar
2024-09-01 08:58:44,152 [Worker-6: Launching mavenrun-40931de4-f899-47ea-b2ba-e4bb71c53645] INFO  o.eclipse.m2e.core.internal.Bundles - 	Entry: C:\Users\LENOVO\.p2\pool\plugins\org.eclipse.m2e.maven.runtime_3.9.700.20240602-2313\jars\maven-resolver-transport-file-1.9.20.jar
2024-09-01 08:58:44,152 [Worker-6: Launching mavenrun-40931de4-f899-47ea-b2ba-e4bb71c53645] INFO  o.eclipse.m2e.core.internal.Bundles - 	Entry: C:\Users\LENOVO\.p2\pool\plugins\org.eclipse.m2e.maven.runtime_3.9.700.20240602-2313\jars\maven-resolver-transport-http-1.9.20.jar
2024-09-01 08:58:44,152 [Worker-6: Launching mavenrun-40931de4-f899-47ea-b2ba-e4bb71c53645] INFO  o.eclipse.m2e.core.internal.Bundles - 	Entry: C:\Users\LENOVO\.p2\pool\plugins\org.eclipse.m2e.maven.runtime_3.9.700.20240602-2313\jars\maven-resolver-transport-wagon-1.9.20.jar
2024-09-01 08:58:44,152 [Worker-6: Launching mavenrun-40931de4-f899-47ea-b2ba-e4bb71c53645] INFO  o.eclipse.m2e.core.internal.Bundles - 	Entry: C:\Users\LENOVO\.p2\pool\plugins\org.eclipse.m2e.maven.runtime_3.9.700.20240602-2313\jars\maven-resolver-util-1.9.20.jar
2024-09-01 08:58:44,152 [Worker-6: Launching mavenrun-40931de4-f899-47ea-b2ba-e4bb71c53645] INFO  o.eclipse.m2e.core.internal.Bundles - 	Entry: C:\Users\LENOVO\.p2\pool\plugins\org.eclipse.m2e.maven.runtime_3.9.700.20240602-2313\jars\maven-settings-3.9.7.jar
2024-09-01 08:58:44,154 [Worker-6: Launching mavenrun-40931de4-f899-47ea-b2ba-e4bb71c53645] INFO  o.eclipse.m2e.core.internal.Bundles - 	Entry: C:\Users\LENOVO\.p2\pool\plugins\org.eclipse.m2e.maven.runtime_3.9.700.20240602-2313\jars\maven-settings-builder-3.9.7.jar
2024-09-01 08:58:44,154 [Worker-6: Launching mavenrun-40931de4-f899-47ea-b2ba-e4bb71c53645] INFO  o.eclipse.m2e.core.internal.Bundles - 	Entry: C:\Users\LENOVO\.p2\pool\plugins\org.eclipse.m2e.maven.runtime_3.9.700.20240602-2313\jars\maven-shared-utils-3.4.2.jar
2024-09-01 08:58:44,154 [Worker-6: Launching mavenrun-40931de4-f899-47ea-b2ba-e4bb71c53645] INFO  o.eclipse.m2e.core.internal.Bundles - 	Entry: C:\Users\LENOVO\.p2\pool\plugins\org.eclipse.m2e.maven.runtime_3.9.700.20240602-2313\jars\org.eclipse.sisu.inject-0.9.0.M2.jar
2024-09-01 08:58:44,154 [Worker-6: Launching mavenrun-40931de4-f899-47ea-b2ba-e4bb71c53645] INFO  o.eclipse.m2e.core.internal.Bundles - 	Entry: C:\Users\LENOVO\.p2\pool\plugins\org.eclipse.m2e.maven.runtime_3.9.700.20240602-2313\jars\org.eclipse.sisu.plexus-0.9.0.M2.jar
2024-09-01 08:58:44,155 [Worker-6: Launching mavenrun-40931de4-f899-47ea-b2ba-e4bb71c53645] INFO  o.eclipse.m2e.core.internal.Bundles - 	Entry: C:\Users\LENOVO\.p2\pool\plugins\org.eclipse.m2e.maven.runtime_3.9.700.20240602-2313\jars\plexus-build-api-0.0.7.jar
2024-09-01 08:58:44,155 [Worker-6: Launching mavenrun-40931de4-f899-47ea-b2ba-e4bb71c53645] INFO  o.eclipse.m2e.core.internal.Bundles - 	Entry: C:\Users\LENOVO\.p2\pool\plugins\org.eclipse.m2e.maven.runtime_3.9.700.20240602-2313\jars\plexus-build-api-1.2.0.jar
2024-09-01 08:58:44,155 [Worker-6: Launching mavenrun-40931de4-f899-47ea-b2ba-e4bb71c53645] INFO  o.eclipse.m2e.core.internal.Bundles - 	Entry: C:\Users\LENOVO\.p2\pool\plugins\org.eclipse.m2e.maven.runtime_3.9.700.20240602-2313\jars\plexus-cipher-2.0.jar
2024-09-01 08:58:44,156 [Worker-6: Launching mavenrun-40931de4-f899-47ea-b2ba-e4bb71c53645] INFO  o.eclipse.m2e.core.internal.Bundles - 	Entry: C:\Users\LENOVO\.p2\pool\plugins\org.eclipse.m2e.maven.runtime_3.9.700.20240602-2313\jars\plexus-classworlds-2.8.0.jar
2024-09-01 08:58:44,156 [Worker-6: Launching mavenrun-40931de4-f899-47ea-b2ba-e4bb71c53645] INFO  o.eclipse.m2e.core.internal.Bundles - 	Entry: C:\Users\LENOVO\.p2\pool\plugins\org.eclipse.m2e.maven.runtime_3.9.700.20240602-2313\jars\plexus-component-annotations-2.1.0.jar
2024-09-01 08:58:44,157 [Worker-6: Launching mavenrun-40931de4-f899-47ea-b2ba-e4bb71c53645] INFO  o.eclipse.m2e.core.internal.Bundles - 	Entry: C:\Users\LENOVO\.p2\pool\plugins\org.eclipse.m2e.maven.runtime_3.9.700.20240602-2313\jars\plexus-interpolation-1.27.jar
2024-09-01 08:58:44,157 [Worker-6: Launching mavenrun-40931de4-f899-47ea-b2ba-e4bb71c53645] INFO  o.eclipse.m2e.core.internal.Bundles - 	Entry: C:\Users\LENOVO\.p2\pool\plugins\org.eclipse.m2e.maven.runtime_3.9.700.20240602-2313\jars\plexus-sec-dispatcher-2.0.jar
2024-09-01 08:58:44,157 [Worker-6: Launching mavenrun-40931de4-f899-47ea-b2ba-e4bb71c53645] INFO  o.eclipse.m2e.core.internal.Bundles - 	Entry: C:\Users\LENOVO\.p2\pool\plugins\org.eclipse.m2e.maven.runtime_3.9.700.20240602-2313\jars\plexus-utils-3.5.1.jar
2024-09-01 08:58:44,157 [Worker-6: Launching mavenrun-40931de4-f899-47ea-b2ba-e4bb71c53645] INFO  o.eclipse.m2e.core.internal.Bundles - 	Entry: C:\Users\LENOVO\.p2\pool\plugins\org.eclipse.m2e.maven.runtime_3.9.700.20240602-2313\jars\wagon-file-3.5.3.jar
2024-09-01 08:58:44,158 [Worker-6: Launching mavenrun-40931de4-f899-47ea-b2ba-e4bb71c53645] INFO  o.eclipse.m2e.core.internal.Bundles - 	Entry: C:\Users\LENOVO\.p2\pool\plugins\org.eclipse.m2e.maven.runtime_3.9.700.20240602-2313\jars\wagon-http-3.5.3.jar
2024-09-01 08:58:44,158 [Worker-6: Launching mavenrun-40931de4-f899-47ea-b2ba-e4bb71c53645] INFO  o.eclipse.m2e.core.internal.Bundles - 	Entry: C:\Users\LENOVO\.p2\pool\plugins\org.eclipse.m2e.maven.runtime_3.9.700.20240602-2313\jars\wagon-http-shared-3.5.3.jar
2024-09-01 08:58:44,158 [Worker-6: Launching mavenrun-40931de4-f899-47ea-b2ba-e4bb71c53645] INFO  o.eclipse.m2e.core.internal.Bundles - 	Entry: C:\Users\LENOVO\.p2\pool\plugins\org.eclipse.m2e.maven.runtime_3.9.700.20240602-2313\jars\wagon-provider-api-3.5.3.jar
2024-09-01 08:58:44,160 [Worker-6: Launching mavenrun-40931de4-f899-47ea-b2ba-e4bb71c53645] INFO  o.eclipse.m2e.core.internal.Bundles - getClasspathEntries(Bundle=com.google.guava_33.2.0.jre [16])
2024-09-01 08:58:44,161 [Worker-6: Launching mavenrun-40931de4-f899-47ea-b2ba-e4bb71c53645] INFO  o.eclipse.m2e.core.internal.Bundles - 	Entry: C:\Users\LENOVO\.p2\pool\plugins\com.google.guava_33.2.0.jre.jar
2024-09-01 08:58:44,161 [Worker-6: Launching mavenrun-40931de4-f899-47ea-b2ba-e4bb71c53645] INFO  o.eclipse.m2e.core.internal.Bundles - getClasspathEntries(Bundle=slf4j.api_2.0.16 [1009])
2024-09-01 08:58:44,162 [Worker-6: Launching mavenrun-40931de4-f899-47ea-b2ba-e4bb71c53645] INFO  o.eclipse.m2e.core.internal.Bundles - 	Entry: C:\Users\LENOVO\.p2\pool\plugins\slf4j.api_2.0.16.jar
2024-09-01 08:58:44,162 [Worker-6: Launching mavenrun-40931de4-f899-47ea-b2ba-e4bb71c53645] INFO  o.eclipse.m2e.core.internal.Bundles - getClasspathEntries(Bundle=jakarta.inject.jakarta.inject-api_1.0.5 [33])
2024-09-01 08:58:44,162 [Worker-6: Launching mavenrun-40931de4-f899-47ea-b2ba-e4bb71c53645] INFO  o.eclipse.m2e.core.internal.Bundles - 	Entry: C:\Users\LENOVO\.p2\pool\plugins\jakarta.inject.jakarta.inject-api_1.0.5.jar
2024-09-01 08:58:44,163 [Worker-6: Launching mavenrun-40931de4-f899-47ea-b2ba-e4bb71c53645] INFO  o.eclipse.m2e.core.internal.Bundles - getClasspathEntries(Bundle=javax.annotation_1.3.5.v20200909-1856 [44])
2024-09-01 08:58:44,163 [Worker-6: Launching mavenrun-40931de4-f899-47ea-b2ba-e4bb71c53645] INFO  o.eclipse.m2e.core.internal.Bundles - 	Entry: C:\Users\LENOVO\.p2\pool\plugins\javax.annotation_1.3.5.v20200909-1856.jar
2024-09-01 08:58:44,164 [Worker-6: Launching mavenrun-40931de4-f899-47ea-b2ba-e4bb71c53645] INFO  o.eclipse.m2e.core.internal.Bundles - getClasspathEntries(Bundle=org.apache.commons.cli_1.8.0 [78])
2024-09-01 08:58:44,164 [Worker-6: Launching mavenrun-40931de4-f899-47ea-b2ba-e4bb71c53645] INFO  o.eclipse.m2e.core.internal.Bundles - 	Entry: C:\Users\LENOVO\.p2\pool\plugins\org.apache.commons.cli_1.8.0.jar
2024-09-01 08:58:44,164 [Worker-6: Launching mavenrun-40931de4-f899-47ea-b2ba-e4bb71c53645] INFO  o.eclipse.m2e.core.internal.Bundles - getClasspathEntries(Bundle=org.apache.commons.commons-codec_1.16.0 [81])
2024-09-01 08:58:44,164 [Worker-6: Launching mavenrun-40931de4-f899-47ea-b2ba-e4bb71c53645] INFO  o.eclipse.m2e.core.internal.Bundles - 	Entry: C:\Users\LENOVO\.p2\pool\plugins\org.apache.commons.commons-codec_1.16.0.jar
2024-09-01 08:58:44,164 [Worker-6: Launching mavenrun-40931de4-f899-47ea-b2ba-e4bb71c53645] INFO  o.eclipse.m2e.core.internal.Bundles - getClasspathEntries(Bundle=org.apache.commons.lang3_3.14.0 [89])
2024-09-01 08:58:44,165 [Worker-6: Launching mavenrun-40931de4-f899-47ea-b2ba-e4bb71c53645] INFO  o.eclipse.m2e.core.internal.Bundles - 	Entry: C:\Users\LENOVO\.p2\pool\plugins\org.apache.commons.lang3_3.14.0.jar
2024-09-01 08:58:44,165 [Worker-6: Launching mavenrun-40931de4-f899-47ea-b2ba-e4bb71c53645] INFO  o.eclipse.m2e.core.internal.Bundles - getClasspathEntries(Bundle=com.google.guava.failureaccess_1.0.2 [17])
2024-09-01 08:58:44,165 [Worker-6: Launching mavenrun-40931de4-f899-47ea-b2ba-e4bb71c53645] INFO  o.eclipse.m2e.core.internal.Bundles - 	Entry: C:\Users\LENOVO\.p2\pool\plugins\com.google.guava.failureaccess_1.0.2.jar
2024-09-01 08:58:44,176 [Worker-6: Launching mavenrun-40931de4-f899-47ea-b2ba-e4bb71c53645] INFO  o.e.m.i.launch.MavenLaunchDelegate - Run build in "C:\Users\LENOVO\AppData\Local\Temp\m2e-archetypeGenerator8117341963393916260":
2024-09-01 08:58:44,181 [Worker-6: Launching mavenrun-40931de4-f899-47ea-b2ba-e4bb71c53645] INFO  o.e.m.i.launch.MavenLaunchDelegate -  mvn  -DjavaCompilerVersion=17 -DjunitVersion=5.11.0 -DarchetypeGroupId=org.apache.maven.archetypes -DarchetypeArtifactId=maven-archetype-quickstart -DarchetypeVersion=1.5 -DgroupId=pro1 -DartifactId=pro1 -Dversion=0.0.1-SNAPSHOT -Dpackage=com.javacollectiondemo -DoutputDirectory=D:\java\eclipse\collection -B -Dstyle.color=always -U archetype:generate
2024-09-01 08:59:05,212 [Worker-10: Creating maven-archetype-quickstart] INFO  o.e.m.c.i.p.ProjectConfigurationManager - Collecting project info '/pom.xml' D:\java\eclipse\collection\pro1\pom.xml
2024-09-01 08:59:09,308 [Worker-10: Creating maven-archetype-quickstart] INFO  o.e.m.c.i.l.LifecycleMappingFactory - Using org.eclipse.m2e.jdt.JarLifecycleMapping lifecycle mapping for MavenProject: pro1:pro1:0.0.1-SNAPSHOT @ D:\java\eclipse\collection\pro1\pom.xml.
2024-09-01 08:59:12,606 [Worker-10: Creating maven-archetype-quickstart] INFO  o.e.m.j.i.AbstractJavaProjectConfigurator - Adding source folder /pro1/src/main/java
2024-09-01 08:59:12,611 [Worker-10: Creating maven-archetype-quickstart] INFO  o.e.m.j.i.AbstractJavaProjectConfigurator - Adding resource folder /pro1/src/main/resources
2024-09-01 08:59:12,624 [Worker-10: Creating maven-archetype-quickstart] INFO  o.e.m.j.i.AbstractJavaProjectConfigurator - Adding source folder /pro1/src/test/java
2024-09-01 08:59:12,625 [Worker-10: Creating maven-archetype-quickstart] INFO  o.e.m.j.i.AbstractJavaProjectConfigurator - Adding resource folder /pro1/src/test/resources
2024-09-01 08:59:13,736 [Worker-10: Creating maven-archetype-quickstart] INFO  o.e.m.c.i.p.ProjectConfigurationManager - Imported and configured 1 project(s) in 8 sec
2024-09-01 08:59:18,614 [Worker-15: Building] INFO  o.a.m.s.f.DefaultMavenResourcesFiltering - skip non existing resourceDirectory D:\java\eclipse\collection\pro1\src\main\resources
2024-09-01 08:59:18,623 [Worker-15: Building] INFO  o.a.m.s.f.DefaultMavenResourcesFiltering - skip non existing resourceDirectory D:\java\eclipse\collection\pro1\src\test\resources
2024-09-01 09:12:38,428 [Worker-21: Building] INFO  o.a.m.s.f.DefaultMavenResourcesFiltering - skip non existing resourceDirectory D:\java\eclipse\collection\pro1\src\main\resources
2024-09-01 09:12:38,432 [Worker-21: Building] INFO  o.a.m.s.f.DefaultMavenResourcesFiltering - skip non existing resourceDirectory D:\java\eclipse\collection\pro1\src\test\resources
2024-09-01 09:12:39,576 [Worker-21: Building] INFO  o.a.m.s.f.DefaultMavenResourcesFiltering - skip non existing resourceDirectory D:\java\eclipse\collection\pro1\src\main\resources
2024-09-01 09:12:39,581 [Worker-21: Building] INFO  o.a.m.s.f.DefaultMavenResourcesFiltering - skip non existing resourceDirectory D:\java\eclipse\collection\pro1\src\test\resources
2024-09-02 13:38:02,400 [Worker-1: Loading available Gradle versions] INFO  o.e.b.c.i.u.g.PublishedGradleVersions - Gradle version information cache is out-of-date. Trying to update.
2024-09-02 13:45:11,782 [Worker-0: Launching App] INFO  o.a.m.s.f.DefaultMavenResourcesFiltering - skip non existing resourceDirectory D:\java\eclipse\collection\pro1\src\main\resources
2024-09-02 13:45:11,793 [Worker-0: Launching App] INFO  o.a.m.s.f.DefaultMavenResourcesFiltering - skip non existing resourceDirectory D:\java\eclipse\collection\pro1\src\test\resources
2024-09-02 13:47:55,684 [Worker-14: Building] INFO  o.a.m.s.f.DefaultMavenResourcesFiltering - skip non existing resourceDirectory D:\java\eclipse\collection\pro1\src\main\resources
2024-09-02 13:47:55,694 [Worker-14: Building] INFO  o.a.m.s.f.DefaultMavenResourcesFiltering - skip non existing resourceDirectory D:\java\eclipse\collection\pro1\src\test\resources
2024-09-02 13:49:53,874 [Worker-13: Building] INFO  o.a.m.s.f.DefaultMavenResourcesFiltering - skip non existing resourceDirectory D:\java\eclipse\collection\pro1\src\main\resources
2024-09-02 13:49:53,888 [Worker-13: Building] INFO  o.a.m.s.f.DefaultMavenResourcesFiltering - skip non existing resourceDirectory D:\java\eclipse\collection\pro1\src\test\resources
2024-09-02 13:50:57,308 [Worker-17: Building] INFO  o.a.m.s.f.DefaultMavenResourcesFiltering - skip non existing resourceDirectory D:\java\eclipse\collection\pro1\src\main\resources
2024-09-02 13:50:57,314 [Worker-17: Building] INFO  o.a.m.s.f.DefaultMavenResourcesFiltering - skip non existing resourceDirectory D:\java\eclipse\collection\pro1\src\test\resources
2024-09-02 13:51:17,664 [Worker-13: Building] INFO  o.a.m.s.f.DefaultMavenResourcesFiltering - skip non existing resourceDirectory D:\java\eclipse\collection\pro1\src\main\resources
2024-09-02 13:51:17,669 [Worker-13: Building] INFO  o.a.m.s.f.DefaultMavenResourcesFiltering - skip non existing resourceDirectory D:\java\eclipse\collection\pro1\src\test\resources
2024-09-02 13:51:48,586 [Worker-17: Building] INFO  o.a.m.s.f.DefaultMavenResourcesFiltering - skip non existing resourceDirectory D:\java\eclipse\collection\pro1\src\main\resources
2024-09-02 13:51:48,590 [Worker-17: Building] INFO  o.a.m.s.f.DefaultMavenResourcesFiltering - skip non existing resourceDirectory D:\java\eclipse\collection\pro1\src\test\resources
2024-09-02 13:52:18,649 [Worker-17: Building] INFO  o.a.m.s.f.DefaultMavenResourcesFiltering - skip non existing resourceDirectory D:\java\eclipse\collection\pro1\src\main\resources
2024-09-02 13:52:18,654 [Worker-17: Building] INFO  o.a.m.s.f.DefaultMavenResourcesFiltering - skip non existing resourceDirectory D:\java\eclipse\collection\pro1\src\test\resources
2024-09-02 13:52:36,741 [Worker-14: Building] INFO  o.a.m.s.f.DefaultMavenResourcesFiltering - skip non existing resourceDirectory D:\java\eclipse\collection\pro1\src\main\resources
2024-09-02 13:52:36,746 [Worker-14: Building] INFO  o.a.m.s.f.DefaultMavenResourcesFiltering - skip non existing resourceDirectory D:\java\eclipse\collection\pro1\src\test\resources
2024-09-02 13:55:01,136 [Worker-14: Building] INFO  o.a.m.s.f.DefaultMavenResourcesFiltering - skip non existing resourceDirectory D:\java\eclipse\collection\pro1\src\main\resources
2024-09-02 13:55:01,141 [Worker-14: Building] INFO  o.a.m.s.f.DefaultMavenResourcesFiltering - skip non existing resourceDirectory D:\java\eclipse\collection\pro1\src\test\resources
2024-09-02 15:53:21,363 [Worker-0: Loading available Gradle versions] INFO  o.e.b.c.i.u.g.PublishedGradleVersions - Gradle version information cache is up-to-date. Trying to read.
2024-09-02 15:54:48,313 [Worker-2: Building] INFO  o.a.m.s.f.DefaultMavenResourcesFiltering - skip non existing resourceDirectory D:\java\eclipse\collection\pro1\src\main\resources
2024-09-02 15:54:48,325 [Worker-2: Building] INFO  o.a.m.s.f.DefaultMavenResourcesFiltering - skip non existing resourceDirectory D:\java\eclipse\collection\pro1\src\test\resources
2024-09-02 15:55:58,678 [Worker-11: Building] INFO  o.a.m.s.f.DefaultMavenResourcesFiltering - skip non existing resourceDirectory D:\java\eclipse\collection\pro1\src\main\resources
2024-09-02 15:55:58,683 [Worker-11: Building] INFO  o.a.m.s.f.DefaultMavenResourcesFiltering - skip non existing resourceDirectory D:\java\eclipse\collection\pro1\src\test\resources
2024-09-02 15:56:29,045 [Worker-15: Building] INFO  o.a.m.s.f.DefaultMavenResourcesFiltering - skip non existing resourceDirectory D:\java\eclipse\collection\pro1\src\main\resources
2024-09-02 15:56:29,051 [Worker-15: Building] INFO  o.a.m.s.f.DefaultMavenResourcesFiltering - skip non existing resourceDirectory D:\java\eclipse\collection\pro1\src\test\resources
2024-09-06 16:01:01,628 [Worker-0: Loading available Gradle versions] INFO  o.e.b.c.i.u.g.PublishedGradleVersions - Gradle version information cache is out-of-date. Trying to update.
2024-09-06 16:01:59,588 [Worker-4: Building] INFO  o.a.m.s.f.DefaultMavenResourcesFiltering - skip non existing resourceDirectory D:\java\eclipse\collection\pro1\src\main\resources
2024-09-06 16:01:59,596 [Worker-4: Building] INFO  o.a.m.s.f.DefaultMavenResourcesFiltering - skip non existing resourceDirectory D:\java\eclipse\collection\pro1\src\test\resources
2024-09-06 16:03:04,998 [Worker-8: Building] INFO  o.a.m.s.f.DefaultMavenResourcesFiltering - skip non existing resourceDirectory D:\java\eclipse\collection\pro1\src\main\resources
2024-09-06 16:03:05,003 [Worker-8: Building] INFO  o.a.m.s.f.DefaultMavenResourcesFiltering - skip non existing resourceDirectory D:\java\eclipse\collection\pro1\src\test\resources
2024-09-06 16:03:30,212 [Worker-4: Building] INFO  o.a.m.s.f.DefaultMavenResourcesFiltering - skip non existing resourceDirectory D:\java\eclipse\collection\pro1\src\main\resources
2024-09-06 16:03:30,217 [Worker-4: Building] INFO  o.a.m.s.f.DefaultMavenResourcesFiltering - skip non existing resourceDirectory D:\java\eclipse\collection\pro1\src\test\resources
2024-09-06 16:09:57,201 [Worker-3: Building] INFO  o.a.m.s.f.DefaultMavenResourcesFiltering - skip non existing resourceDirectory D:\java\eclipse\collection\pro1\src\main\resources
2024-09-06 16:09:57,205 [Worker-3: Building] INFO  o.a.m.s.f.DefaultMavenResourcesFiltering - skip non existing resourceDirectory D:\java\eclipse\collection\pro1\src\test\resources
